Using pre-set license
Built from '2020.2/release' branch; Version is '2020.2.1f1 (270dd8c3da1c) revision 2559448'; Using compiler version '192528614'; Build Type 'Release'
OS: 'Windows 10  (10.0.0) 64bit' Language: 'en' Physical Memory: 16145 MB
BatchMode: 1, IsHumanControllingUs: 0, StartBugReporterOnCrash: 0, Is64bit: 1, IsPro: 0

 COMMAND LINE ARGUMENTS:
C:\Program Files\Unity\2020.2.1f1\Editor\Unity.exe
-adb2
-batchMode
-noUpm
-name
AssetImportWorker0
-projectPath
C:/Users/angel/Desktop/School/Game Engines 4/Week9-Lab-submission
-logFile
Logs/AssetImportWorker0.log
-srvPort
60660
Successfully changed project path to: C:/Users/angel/Desktop/School/Game Engines 4/Week9-Lab-submission
C:/Users/angel/Desktop/School/Game Engines 4/Week9-Lab-submission
Using Asset Import Pipeline V2.
Refreshing native plugins compatible for Editor in 50.36 ms, found 0 plugins.
Preloading 0 native plugins for Editor in 0.00 ms.
Initialize engine version: 2020.2.1f1 (270dd8c3da1c)
[Subsystems] Discovering subsystems at path C:/Program Files/Unity/2020.2.1f1/Editor/Data/Resources/UnitySubsystems
[Subsystems] Discovering subsystems at path C:/Users/angel/Desktop/School/Game Engines 4/Week9-Lab-submission/Assets
GfxDevice: creating device client; threaded=0
Direct3D:
    Version:  Direct3D 11.0 [level 11.1]
    Renderer: NVIDIA GeForce RTX 2060 (ID=0x1f15)
    Vendor:   
    VRAM:     5980 MB
    Driver:   27.21.14.6172
Initialize mono
Mono path[0] = 'C:/Program Files/Unity/2020.2.1f1/Editor/Data/Managed'
Mono path[1] = 'C:/Program Files/Unity/2020.2.1f1/Editor/Data/MonoBleedingEdge/lib/mono/unityjit'
Mono config path = 'C:/Program Files/Unity/2020.2.1f1/Editor/Data/MonoBleedingEdge/etc'
Using monoOptions --debugger-agent=transport=dt_socket,embedding=1,server=y,suspend=n,address=127.0.0.1:56224
Begin MonoManager ReloadAssembly
Registering precompiled unity dll's ...
Register platform support module: C:/Program Files/Unity/2020.2.1f1/Editor/Data/PlaybackEngines/WebGLSupport/UnityEditor.WebGL.Extensions.dll
Register platform support module: C:/Program Files/Unity/2020.2.1f1/Editor/Data/PlaybackEngines/WindowsStandaloneSupport/UnityEditor.WindowsStandalone.Extensions.dll
Registered in 0.001654 seconds.
Native extension for WindowsStandalone target not found
Native extension for WebGL target not found
Refreshing native plugins compatible for Editor in 51.36 ms, found 0 plugins.
Preloading 0 native plugins for Editor in 0.00 ms.
Invoked RoslynAnalysisRunner static constructor.
RoslynAnalysisRunner will not be running.
RoslynAnalysisRunner has terminated.
Mono: successfully reloaded assembly
- Completed reload, in  1.557 seconds
Platform modules already initialized, skipping
Registering precompiled user dll's ...
Registered in 0.000900 seconds.
Begin MonoManager ReloadAssembly
Native extension for WindowsStandalone target not found
Native extension for WebGL target not found
Refreshing native plugins compatible for Editor in 55.31 ms, found 0 plugins.
Preloading 0 native plugins for Editor in 0.00 ms.
Invoked RoslynAnalysisRunner static constructor.
RoslynAnalysisRunner will not be running.
RoslynAnalysisRunner has terminated.
Mono: successfully reloaded assembly
- Completed reload, in  0.974 seconds
Platform modules already initialized, skipping
========================================================================
Worker process is ready to serve import requests
Launched and connected shader compiler UnityShaderCompiler.exe after 0.02 seconds
Refreshing native plugins compatible for Editor in 0.59 ms, found 0 plugins.
Preloading 0 native plugins for Editor in 0.00 ms.
Unloading 1951 Unused Serialized files (Serialized files now loaded: 0)
System memory in use before: 94.5 MB.
System memory in use after: 94.6 MB.

Unloading 106 unused Assets to reduce memory usage. Loaded Objects now: 2386.
Total: 3.835400 ms (FindLiveObjects: 0.660600 ms CreateObjectMapping: 0.283900 ms MarkObjects: 2.633300 ms  DeleteObjects: 0.255700 ms)

========================================================================
Received Import Request.
  path: Assets/Scenes/EnviromentScene.unity
  artifactKey: Guid(286e0ddb6915909428962ddf5ab46905) Importer(815301076,1909f56bfc062723c751e8b465ee728b)
Start importing Assets/Scenes/EnviromentScene.unity using Guid(286e0ddb6915909428962ddf5ab46905) Importer(815301076,1909f56bfc062723c751e8b465ee728b)  -> (artifact id: 'bb232872b03dcea950d027626918eddd') in 0.010291 seconds
  Import took 0.014491 seconds .

========================================================================
Received Import Request.
  Time since last request: 0.000191 seconds.
  path: Assets/Input/PlayerInputActions.inputactions
  artifactKey: Guid(b8064fc254c023f4dad8721cf293a504) Importer(815301076,1909f56bfc062723c751e8b465ee728b)
Start importing Assets/Input/PlayerInputActions.inputactions using Guid(b8064fc254c023f4dad8721cf293a504) Importer(815301076,1909f56bfc062723c751e8b465ee728b)  -> (artifact id: '54385aa0a5c383375f5c07d63a8f0360') in 0.030581 seconds
  Import took 0.035083 seconds .

========================================================================
Received Prepare
Registering precompiled user dll's ...
Registered in 0.000854 seconds.
Begin MonoManager ReloadAssembly
Native extension for WindowsStandalone target not found
Native extension for WebGL target not found
Refreshing native plugins compatible for Editor in 0.53 ms, found 0 plugins.
Preloading 0 native plugins for Editor in 0.00 ms.
Warning: Annotation not found!
UnityEngine.StackTraceUtility:ExtractStackTrace ()
UnityEditor.ProBuilder.EditorUtility:SetGizmoIconEnabled (System.Type,bool) (at Library/PackageCache/com.unity.probuilder@4.4.0/Editor/EditorCore/EditorUtility.cs:593)
UnityEditor.ProBuilder.HierarchyListener:.cctor () (at Library/PackageCache/com.unity.probuilder@4.4.0/Editor/EditorCore/HierarchyListener.cs:21)
System.Runtime.CompilerServices.RuntimeHelpers:RunClassConstructor (System.RuntimeTypeHandle)
UnityEditor.EditorAssemblies:ProcessInitializeOnLoadAttributes (System.Type[])

[Library/PackageCache/com.unity.probuilder@4.4.0/Editor/EditorCore/EditorUtility.cs line 593]

Invoked RoslynAnalysisRunner static constructor.
RoslynAnalysisRunner will not be running.
RoslynAnalysisRunner has terminated.
Mono: successfully reloaded assembly
- Completed reload, in  0.816 seconds
Platform modules already initialized, skipping
Refreshing native plugins compatible for Editor in 0.85 ms, found 0 plugins.
Preloading 0 native plugins for Editor in 0.00 ms.
Unloading 1896 Unused Serialized files (Serialized files now loaded: 0)
System memory in use before: 91.5 MB.
System memory in use after: 91.6 MB.

Unloading 6 unused Assets to reduce memory usage. Loaded Objects now: 2388.
Total: 2.322700 ms (FindLiveObjects: 0.208600 ms CreateObjectMapping: 0.090700 ms MarkObjects: 1.970600 ms  DeleteObjects: 0.051300 ms)

========================================================================
Received Import Request.
  Time since last request: 156.100527 seconds.
  path: Assets/ProBuilder Data/Default Material Palette.asset
  artifactKey: Guid(4b39b0f8ef5dd4c4798d02d0cf65b356) Importer(815301076,1909f56bfc062723c751e8b465ee728b)
Start importing Assets/ProBuilder Data/Default Material Palette.asset using Guid(4b39b0f8ef5dd4c4798d02d0cf65b356) Importer(815301076,1909f56bfc062723c751e8b465ee728b)  -> (artifact id: '397adb8f56fa91f8fb102dce357c4299') in 0.012799 seconds
  Import took 0.016564 seconds .

========================================================================
Received Import Request.
  Time since last request: 3.336811 seconds.
  path: Assets/Scenes/SampleScene.unity
  artifactKey: Guid(9fc0d4010bbf28b4594072e72b8655ab) Importer(815301076,1909f56bfc062723c751e8b465ee728b)
Start importing Assets/Scenes/SampleScene.unity using Guid(9fc0d4010bbf28b4594072e72b8655ab) Importer(815301076,1909f56bfc062723c751e8b465ee728b)  -> (artifact id: 'c05af65699899990bee109850506dc51') in 0.007594 seconds
  Import took 0.010313 seconds .

========================================================================
Received Import Request.
  Time since last request: 1.044810 seconds.
  path: Assets/Scenes/EnviromentScene.unity
  artifactKey: Guid(286e0ddb6915909428962ddf5ab46905) Importer(815301076,1909f56bfc062723c751e8b465ee728b)
Start importing Assets/Scenes/EnviromentScene.unity using Guid(286e0ddb6915909428962ddf5ab46905) Importer(815301076,1909f56bfc062723c751e8b465ee728b)  -> (artifact id: '96ff6d0feb994393b9bc001777b0565e') in 0.003734 seconds
  Import took 0.007274 seconds .

========================================================================
Received Import Request.
  Time since last request: 12.509866 seconds.
  path: Assets/Art/Models
  artifactKey: Guid(cef871c9ea7e26b47a0a48d6de0a0b12) Importer(815301076,1909f56bfc062723c751e8b465ee728b)
Start importing Assets/Art/Models using Guid(cef871c9ea7e26b47a0a48d6de0a0b12) Importer(815301076,1909f56bfc062723c751e8b465ee728b)  -> (artifact id: 'd6252c13fede8481d71c9b8831cb53ea') in 0.006428 seconds
  Import took 0.010670 seconds .

========================================================================
Received Import Request.
  Time since last request: 0.049445 seconds.
  path: Assets/Art/Models/Characters.fbx
  artifactKey: Guid(ffdfcb810f2918b4f8fe9f917f07bc78) Importer(815301076,1909f56bfc062723c751e8b465ee728b)
Start importing Assets/Art/Models/Characters.fbx using Guid(ffdfcb810f2918b4f8fe9f917f07bc78) Importer(815301076,1909f56bfc062723c751e8b465ee728b)  -> (artifact id: 'e1ff397e0770cc4004ed262128164c3b') in 0.473989 seconds
  Import took 0.478176 seconds .

========================================================================
Received Import Request.
  Time since last request: 0.000127 seconds.
  path: Assets/Art/Models/SM_Wep_AssaultRifle_01.fbx
  artifactKey: Guid(174abc94a5cf6b44992c03a6bf528bee) Importer(815301076,1909f56bfc062723c751e8b465ee728b)
Start importing Assets/Art/Models/SM_Wep_AssaultRifle_01.fbx using Guid(174abc94a5cf6b44992c03a6bf528bee) Importer(815301076,1909f56bfc062723c751e8b465ee728b)  -> (artifact id: 'ab7ba742eba06f80a308dc8b19948829') in 0.044949 seconds
  Import took 0.048624 seconds .

========================================================================
Received Import Request.
  Time since last request: 0.000172 seconds.
  path: Assets/Art/Models/Zombies.fbx
  artifactKey: Guid(b20a3c10714a6ac439af479e3273de65) Importer(815301076,1909f56bfc062723c751e8b465ee728b)
Start importing Assets/Art/Models/Zombies.fbx using Guid(b20a3c10714a6ac439af479e3273de65) Importer(815301076,1909f56bfc062723c751e8b465ee728b)  -> (artifact id: 'c140b5fcc9858b2fd5d1b4034203d451') in 0.444358 seconds
  Import took 0.449354 seconds .

========================================================================
Received Import Request.
  Time since last request: 0.000163 seconds.
  path: Assets/Art/Models/SM_Chr_Attach_Scout_Female_Radio_01.fbx
  artifactKey: Guid(f896b4297a80dc54a8fdcb98ecdb06ac) Importer(815301076,1909f56bfc062723c751e8b465ee728b)
Start importing Assets/Art/Models/SM_Chr_Attach_Scout_Female_Radio_01.fbx using Guid(f896b4297a80dc54a8fdcb98ecdb06ac) Importer(815301076,1909f56bfc062723c751e8b465ee728b)  -> (artifact id: 'e812bc3a7b413631bd749e2249efb490') in 0.029765 seconds
  Import took 0.035148 seconds .

========================================================================
Received Import Request.
  Time since last request: 0.000219 seconds.
  path: Assets/Art/Models/SM_Chr_Attach_Scout_Female_Hat_01.fbx
  artifactKey: Guid(73e55b0d1dc932140a2a5c101b2b9915) Importer(815301076,1909f56bfc062723c751e8b465ee728b)
Start importing Assets/Art/Models/SM_Chr_Attach_Scout_Female_Hat_01.fbx using Guid(73e55b0d1dc932140a2a5c101b2b9915) Importer(815301076,1909f56bfc062723c751e8b465ee728b)  -> (artifact id: '4dee0e8e59fab797eadd090c3103850d') in 0.028734 seconds
  Import took 0.032909 seconds .

========================================================================
Received Import Request.
  Time since last request: 0.000369 seconds.
  path: Assets/Art/Models/SM_Chr_Attach_Backpack_02.fbx
  artifactKey: Guid(d82fb98536a08af468ee4b5b44806174) Importer(815301076,1909f56bfc062723c751e8b465ee728b)
Start importing Assets/Art/Models/SM_Chr_Attach_Backpack_02.fbx using Guid(d82fb98536a08af468ee4b5b44806174) Importer(815301076,1909f56bfc062723c751e8b465ee728b)  -> (artifact id: '30d587fae471d4d41926bd43da471954') in 0.033174 seconds
  Import took 0.038650 seconds .

========================================================================
Received Prepare
Registering precompiled user dll's ...
Registered in 0.001011 seconds.
Begin MonoManager ReloadAssembly
Native extension for WindowsStandalone target not found
Native extension for WebGL target not found
Refreshing native plugins compatible for Editor in 0.53 ms, found 0 plugins.
Preloading 0 native plugins for Editor in 0.00 ms.
Warning: Annotation not found!
UnityEngine.StackTraceUtility:ExtractStackTrace ()
UnityEditor.ProBuilder.EditorUtility:SetGizmoIconEnabled (System.Type,bool) (at Library/PackageCache/com.unity.probuilder@4.4.0/Editor/EditorCore/EditorUtility.cs:593)
UnityEditor.ProBuilder.HierarchyListener:.cctor () (at Library/PackageCache/com.unity.probuilder@4.4.0/Editor/EditorCore/HierarchyListener.cs:21)
System.Runtime.CompilerServices.RuntimeHelpers:RunClassConstructor (System.RuntimeTypeHandle)
UnityEditor.EditorAssemblies:ProcessInitializeOnLoadAttributes (System.Type[])

[Library/PackageCache/com.unity.probuilder@4.4.0/Editor/EditorCore/EditorUtility.cs line 593]

Invoked RoslynAnalysisRunner static constructor.
RoslynAnalysisRunner will not be running.
RoslynAnalysisRunner has terminated.
Mono: successfully reloaded assembly
- Completed reload, in  0.776 seconds
Platform modules already initialized, skipping
Refreshing native plugins compatible for Editor in 0.70 ms, found 0 plugins.
Preloading 0 native plugins for Editor in 0.00 ms.
Unloading 1896 Unused Serialized files (Serialized files now loaded: 0)
System memory in use before: 105.8 MB.
System memory in use after: 105.8 MB.

Unloading 7 unused Assets to reduce memory usage. Loaded Objects now: 2401.
Total: 1.877300 ms (FindLiveObjects: 0.175400 ms CreateObjectMapping: 0.075200 ms MarkObjects: 1.574500 ms  DeleteObjects: 0.051100 ms)

========================================================================
Received Prepare
Registering precompiled user dll's ...
Registered in 0.000870 seconds.
Begin MonoManager ReloadAssembly
Native extension for WindowsStandalone target not found
Native extension for WebGL target not found
Refreshing native plugins compatible for Editor in 0.92 ms, found 0 plugins.
Preloading 0 native plugins for Editor in 0.00 ms.
Warning: Annotation not found!
UnityEngine.StackTraceUtility:ExtractStackTrace ()
UnityEditor.ProBuilder.EditorUtility:SetGizmoIconEnabled (System.Type,bool) (at Library/PackageCache/com.unity.probuilder@4.4.0/Editor/EditorCore/EditorUtility.cs:593)
UnityEditor.ProBuilder.HierarchyListener:.cctor () (at Library/PackageCache/com.unity.probuilder@4.4.0/Editor/EditorCore/HierarchyListener.cs:21)
System.Runtime.CompilerServices.RuntimeHelpers:RunClassConstructor (System.RuntimeTypeHandle)
UnityEditor.EditorAssemblies:ProcessInitializeOnLoadAttributes (System.Type[])

[Library/PackageCache/com.unity.probuilder@4.4.0/Editor/EditorCore/EditorUtility.cs line 593]

Invoked RoslynAnalysisRunner static constructor.
RoslynAnalysisRunner will not be running.
RoslynAnalysisRunner has terminated.
Mono: successfully reloaded assembly
- Completed reload, in  0.780 seconds
Platform modules already initialized, skipping
Refreshing native plugins compatible for Editor in 0.49 ms, found 0 plugins.
Preloading 0 native plugins for Editor in 0.00 ms.
Unloading 1896 Unused Serialized files (Serialized files now loaded: 0)
System memory in use before: 105.8 MB.
System memory in use after: 105.9 MB.

Unloading 6 unused Assets to reduce memory usage. Loaded Objects now: 2403.
Total: 2.739800 ms (FindLiveObjects: 0.528700 ms CreateObjectMapping: 0.199600 ms MarkObjects: 1.953600 ms  DeleteObjects: 0.056100 ms)

========================================================================
Received Prepare
Registering precompiled user dll's ...
Registered in 0.000939 seconds.
Begin MonoManager ReloadAssembly
Native extension for WindowsStandalone target not found
Native extension for WebGL target not found
Refreshing native plugins compatible for Editor in 0.57 ms, found 0 plugins.
Preloading 0 native plugins for Editor in 0.00 ms.
Warning: Annotation not found!
UnityEngine.StackTraceUtility:ExtractStackTrace ()
UnityEditor.ProBuilder.EditorUtility:SetGizmoIconEnabled (System.Type,bool) (at Library/PackageCache/com.unity.probuilder@4.4.0/Editor/EditorCore/EditorUtility.cs:593)
UnityEditor.ProBuilder.HierarchyListener:.cctor () (at Library/PackageCache/com.unity.probuilder@4.4.0/Editor/EditorCore/HierarchyListener.cs:21)
System.Runtime.CompilerServices.RuntimeHelpers:RunClassConstructor (System.RuntimeTypeHandle)
UnityEditor.EditorAssemblies:ProcessInitializeOnLoadAttributes (System.Type[])

[Library/PackageCache/com.unity.probuilder@4.4.0/Editor/EditorCore/EditorUtility.cs line 593]

Invoked RoslynAnalysisRunner static constructor.
RoslynAnalysisRunner will not be running.
RoslynAnalysisRunner has terminated.
Mono: successfully reloaded assembly
- Completed reload, in  1.032 seconds
Platform modules already initialized, skipping
Refreshing native plugins compatible for Editor in 0.67 ms, found 0 plugins.
Preloading 0 native plugins for Editor in 0.00 ms.
Unloading 1896 Unused Serialized files (Serialized files now loaded: 0)
System memory in use before: 106.5 MB.
System memory in use after: 106.5 MB.

Unloading 6 unused Assets to reduce memory usage. Loaded Objects now: 2405.
Total: 3.543700 ms (FindLiveObjects: 0.443800 ms CreateObjectMapping: 0.207700 ms MarkObjects: 2.823500 ms  DeleteObjects: 0.066900 ms)

========================================================================
Received Import Request.
  Time since last request: 145.354522 seconds.
  path: Assets/Art/Materials/PolygonApocalypse_Material_01_A.mat
  artifactKey: Guid(5bb68a94905ffc0418608fc7e572ea42) Importer(815301076,1909f56bfc062723c751e8b465ee728b)
Start importing Assets/Art/Materials/PolygonApocalypse_Material_01_A.mat using Guid(5bb68a94905ffc0418608fc7e572ea42) Importer(815301076,1909f56bfc062723c751e8b465ee728b)  -> (artifact id: 'b31f860cf62ad9b5af68d6f42b3baf0d') in 0.190955 seconds
  Import took 0.197406 seconds .

========================================================================
Received Import Request.
  Time since last request: 0.000133 seconds.
  path: Assets/Art/Materials/PolygonZombie_Texture_01_A.mat
  artifactKey: Guid(5545c89bb0a75004bbe217d139a97e89) Importer(815301076,1909f56bfc062723c751e8b465ee728b)
Start importing Assets/Art/Materials/PolygonZombie_Texture_01_A.mat using Guid(5545c89bb0a75004bbe217d139a97e89) Importer(815301076,1909f56bfc062723c751e8b465ee728b)  -> (artifact id: '3e2c77de8bf2e7dc05cd76b26f578289') in 0.132210 seconds
  Import took 0.135214 seconds .

========================================================================
Received Import Request.
  Time since last request: 0.001122 seconds.
  path: Assets/Art/Materials/PolygonZombie_Texture_01_A.mat
  artifactKey: Guid(5545c89bb0a75004bbe217d139a97e89) Importer(815301076,1909f56bfc062723c751e8b465ee728b)
Start importing Assets/Art/Materials/PolygonZombie_Texture_01_A.mat using Guid(5545c89bb0a75004bbe217d139a97e89) Importer(815301076,1909f56bfc062723c751e8b465ee728b)  -> (artifact id: '3e2c77de8bf2e7dc05cd76b26f578289') in 0.044662 seconds
  Import took 0.048953 seconds .

========================================================================
Received Import Request.
  Time since last request: 1.990836 seconds.
  path: Assets/Art/Textures/PolygonApocalypse_Texture_01_A.png
  artifactKey: Guid(822402f846727b24890cc7d5f5430675) Importer(815301076,1909f56bfc062723c751e8b465ee728b)
Start importing Assets/Art/Textures/PolygonApocalypse_Texture_01_A.png using Guid(822402f846727b24890cc7d5f5430675) Importer(815301076,1909f56bfc062723c751e8b465ee728b)  -> (artifact id: '32a7c2398b2da965824c4f4c3d2cd7ba') in 0.045532 seconds
  Import took 0.049585 seconds .

========================================================================
Received Import Request.
  Time since last request: 0.000156 seconds.
  path: Assets/Art/Textures/PolygonZombie_Blood.tga
  artifactKey: Guid(a72a3ad428c5c7940bea83cb341584a4) Importer(815301076,1909f56bfc062723c751e8b465ee728b)
Start importing Assets/Art/Textures/PolygonZombie_Blood.tga using Guid(a72a3ad428c5c7940bea83cb341584a4) Importer(815301076,1909f56bfc062723c751e8b465ee728b)  -> (artifact id: '36b8f1e72a18927024bdde9d68c2175f') in 0.044240 seconds
  Import took 0.047070 seconds .

========================================================================
Received Import Request.
  Time since last request: 0.000128 seconds.
  path: Assets/Art/Textures/PolygonZombie_Texture_01_A.png
  artifactKey: Guid(f0ee41be7c1898f4ba67b333f7330d46) Importer(815301076,1909f56bfc062723c751e8b465ee728b)
Start importing Assets/Art/Textures/PolygonZombie_Texture_01_A.png using Guid(f0ee41be7c1898f4ba67b333f7330d46) Importer(815301076,1909f56bfc062723c751e8b465ee728b)  -> (artifact id: '2e3b2913ef5f0d907063b5a03144c29b') in 0.014415 seconds
  Import took 0.017092 seconds .

========================================================================
Received Import Request.
  Time since last request: 0.000183 seconds.
  path: Assets/Art/Textures/PolygonZombie_Emissive.png
  artifactKey: Guid(b29e8dbf7796f684b93a9054132b92bf) Importer(815301076,1909f56bfc062723c751e8b465ee728b)
Start importing Assets/Art/Textures/PolygonZombie_Emissive.png using Guid(b29e8dbf7796f684b93a9054132b92bf) Importer(815301076,1909f56bfc062723c751e8b465ee728b)  -> (artifact id: 'ac35795fead31a6470d147ffd65a6a96') in 0.018342 seconds
  Import took 0.021913 seconds .

========================================================================
Received Import Request.
  Time since last request: 3.415761 seconds.
  path: Assets/Scenes/EnviromentScene
  artifactKey: Guid(f7a5d3a1fc159104fb35b1b749048b6d) Importer(815301076,1909f56bfc062723c751e8b465ee728b)
Start importing Assets/Scenes/EnviromentScene using Guid(f7a5d3a1fc159104fb35b1b749048b6d) Importer(815301076,1909f56bfc062723c751e8b465ee728b)  -> (artifact id: '9b64a9f1115a69430ef9848b09f331f5') in 0.007204 seconds
  Import took 0.010680 seconds .

========================================================================
Received Import Request.
  Time since last request: 0.086550 seconds.
  path: Assets/Scenes/EnviromentScene/NavMesh.asset
  artifactKey: Guid(e472e3f4208dabf449026c8c3842e0b5) Importer(815301076,1909f56bfc062723c751e8b465ee728b)
Start importing Assets/Scenes/EnviromentScene/NavMesh.asset using Guid(e472e3f4208dabf449026c8c3842e0b5) Importer(815301076,1909f56bfc062723c751e8b465ee728b)  -> (artifact id: '8b38a393ddade2a70ff506533e1333a3') in 0.007547 seconds
  Import took 0.010786 seconds .

========================================================================
Received Import Request.
  Time since last request: 10.396907 seconds.
  path: Assets/PolygonApocalypse/Scenes
  artifactKey: Guid(6e86d86210d4c7d44ae80e400c32cd1a) Importer(815301076,1909f56bfc062723c751e8b465ee728b)
Start importing Assets/PolygonApocalypse/Scenes using Guid(6e86d86210d4c7d44ae80e400c32cd1a) Importer(815301076,1909f56bfc062723c751e8b465ee728b)  -> (artifact id: '24eefd74bf6c924a376e837603b524b8') in 0.007059 seconds
  Import took 0.010167 seconds .

========================================================================
Received Import Request.
  Time since last request: 1.212757 seconds.
  path: Assets/PolygonApocalypse/Scenes/Demo_City_Standard.unity
  artifactKey: Guid(cf7c677bbb7aac345a7c35e4f1b92a36) Importer(815301076,1909f56bfc062723c751e8b465ee728b)
Start importing Assets/PolygonApocalypse/Scenes/Demo_City_Standard.unity using Guid(cf7c677bbb7aac345a7c35e4f1b92a36) Importer(815301076,1909f56bfc062723c751e8b465ee728b)  -> (artifact id: '1417270d9acbf4f2794b97f346705f84') in 0.007549 seconds
  Import took 0.011022 seconds .

========================================================================
Received Prepare
Registering precompiled user dll's ...
Registered in 0.000889 seconds.
Begin MonoManager ReloadAssembly
Native extension for WindowsStandalone target not found
Native extension for WebGL target not found
Refreshing native plugins compatible for Editor in 0.50 ms, found 0 plugins.
Preloading 0 native plugins for Editor in 0.00 ms.
Warning: Annotation not found!
UnityEngine.StackTraceUtility:ExtractStackTrace ()
UnityEditor.ProBuilder.EditorUtility:SetGizmoIconEnabled (System.Type,bool) (at Library/PackageCache/com.unity.probuilder@4.4.0/Editor/EditorCore/EditorUtility.cs:593)
UnityEditor.ProBuilder.HierarchyListener:.cctor () (at Library/PackageCache/com.unity.probuilder@4.4.0/Editor/EditorCore/HierarchyListener.cs:21)
System.Runtime.CompilerServices.RuntimeHelpers:RunClassConstructor (System.RuntimeTypeHandle)
UnityEditor.EditorAssemblies:ProcessInitializeOnLoadAttributes (System.Type[])

[Library/PackageCache/com.unity.probuilder@4.4.0/Editor/EditorCore/EditorUtility.cs line 593]

Invoked RoslynAnalysisRunner static constructor.
RoslynAnalysisRunner will not be running.
RoslynAnalysisRunner has terminated.
Mono: successfully reloaded assembly
- Completed reload, in  0.803 seconds
Platform modules already initialized, skipping
Refreshing native plugins compatible for Editor in 0.89 ms, found 0 plugins.
Preloading 0 native plugins for Editor in 0.00 ms.
Unloading 1896 Unused Serialized files (Serialized files now loaded: 0)
System memory in use before: 107.0 MB.
System memory in use after: 107.1 MB.

Unloading 6 unused Assets to reduce memory usage. Loaded Objects now: 2442.
Total: 2.336800 ms (FindLiveObjects: 0.250000 ms CreateObjectMapping: 0.087300 ms MarkObjects: 1.933700 ms  DeleteObjects: 0.064500 ms)

========================================================================
Received Import Request.
  Time since last request: 103.697526 seconds.
  path: Assets/Data/Prefabs/Zombies
  artifactKey: Guid(ba50302aabfff0c41b19ca1edf32772a) Importer(815301076,1909f56bfc062723c751e8b465ee728b)
Start importing Assets/Data/Prefabs/Zombies using Guid(ba50302aabfff0c41b19ca1edf32772a) Importer(815301076,1909f56bfc062723c751e8b465ee728b)  -> (artifact id: '2e5ea367d5649d95ddb41f969f3f30f1') in 0.004536 seconds
  Import took 0.007564 seconds .

========================================================================
Received Import Request.
  Time since last request: 0.004693 seconds.
  path: Assets/Data/Prefabs/Zombies
  artifactKey: Guid(ba50302aabfff0c41b19ca1edf32772a) Importer(815301076,1909f56bfc062723c751e8b465ee728b)
Start importing Assets/Data/Prefabs/Zombies using Guid(ba50302aabfff0c41b19ca1edf32772a) Importer(815301076,1909f56bfc062723c751e8b465ee728b)  -> (artifact id: '2e5ea367d5649d95ddb41f969f3f30f1') in 0.003026 seconds
  Import took 0.005980 seconds .

========================================================================
Received Import Request.
  Time since last request: 0.045911 seconds.
  path: Assets/Data/Prefabs/Zombies/Zombie_BellBoy.prefab
  artifactKey: Guid(7fa60867b46d4db4093afb9e9a81eb64) Importer(815301076,1909f56bfc062723c751e8b465ee728b)
Start importing Assets/Data/Prefabs/Zombies/Zombie_BellBoy.prefab using Guid(7fa60867b46d4db4093afb9e9a81eb64) Importer(815301076,1909f56bfc062723c751e8b465ee728b)  -> (artifact id: '25c53a5b46f6d990613c57017585a157') in 0.153186 seconds
  Import took 0.159524 seconds .

========================================================================
Received Prepare
Registering precompiled user dll's ...
Registered in 0.001004 seconds.
Begin MonoManager ReloadAssembly
Native extension for WindowsStandalone target not found
Native extension for WebGL target not found
Refreshing native plugins compatible for Editor in 0.51 ms, found 0 plugins.
Preloading 0 native plugins for Editor in 0.00 ms.
Warning: Annotation not found!
UnityEngine.StackTraceUtility:ExtractStackTrace ()
UnityEditor.ProBuilder.EditorUtility:SetGizmoIconEnabled (System.Type,bool) (at Library/PackageCache/com.unity.probuilder@4.4.0/Editor/EditorCore/EditorUtility.cs:593)
UnityEditor.ProBuilder.HierarchyListener:.cctor () (at Library/PackageCache/com.unity.probuilder@4.4.0/Editor/EditorCore/HierarchyListener.cs:21)
System.Runtime.CompilerServices.RuntimeHelpers:RunClassConstructor (System.RuntimeTypeHandle)
UnityEditor.EditorAssemblies:ProcessInitializeOnLoadAttributes (System.Type[])

[Library/PackageCache/com.unity.probuilder@4.4.0/Editor/EditorCore/EditorUtility.cs line 593]

Invoked RoslynAnalysisRunner static constructor.
RoslynAnalysisRunner will not be running.
RoslynAnalysisRunner has terminated.
Mono: successfully reloaded assembly
- Completed reload, in  0.800 seconds
Platform modules already initialized, skipping
Refreshing native plugins compatible for Editor in 0.50 ms, found 0 plugins.
Preloading 0 native plugins for Editor in 0.00 ms.
Unloading 1896 Unused Serialized files (Serialized files now loaded: 0)
System memory in use before: 106.5 MB.
System memory in use after: 106.6 MB.

Unloading 6 unused Assets to reduce memory usage. Loaded Objects now: 2445.
Total: 2.536300 ms (FindLiveObjects: 0.382500 ms CreateObjectMapping: 0.161900 ms MarkObjects: 1.936600 ms  DeleteObjects: 0.053900 ms)

========================================================================
Received Prepare
Registering precompiled user dll's ...
Registered in 0.000955 seconds.
Begin MonoManager ReloadAssembly
Native extension for WindowsStandalone target not found
Native extension for WebGL target not found
Refreshing native plugins compatible for Editor in 0.53 ms, found 0 plugins.
Preloading 0 native plugins for Editor in 0.00 ms.
Warning: Annotation not found!
UnityEngine.StackTraceUtility:ExtractStackTrace ()
UnityEditor.ProBuilder.EditorUtility:SetGizmoIconEnabled (System.Type,bool) (at Library/PackageCache/com.unity.probuilder@4.4.0/Editor/EditorCore/EditorUtility.cs:593)
UnityEditor.ProBuilder.HierarchyListener:.cctor () (at Library/PackageCache/com.unity.probuilder@4.4.0/Editor/EditorCore/HierarchyListener.cs:21)
System.Runtime.CompilerServices.RuntimeHelpers:RunClassConstructor (System.RuntimeTypeHandle)
UnityEditor.EditorAssemblies:ProcessInitializeOnLoadAttributes (System.Type[])

[Library/PackageCache/com.unity.probuilder@4.4.0/Editor/EditorCore/EditorUtility.cs line 593]

Invoked RoslynAnalysisRunner static constructor.
RoslynAnalysisRunner will not be running.
RoslynAnalysisRunner has terminated.
Mono: successfully reloaded assembly
- Completed reload, in  0.821 seconds
Platform modules already initialized, skipping
Refreshing native plugins compatible for Editor in 0.49 ms, found 0 plugins.
Preloading 0 native plugins for Editor in 0.00 ms.
Unloading 1896 Unused Serialized files (Serialized files now loaded: 0)
System memory in use before: 106.9 MB.
System memory in use after: 106.9 MB.

Unloading 6 unused Assets to reduce memory usage. Loaded Objects now: 2447.
Total: 1.915800 ms (FindLiveObjects: 0.182100 ms CreateObjectMapping: 0.065400 ms MarkObjects: 1.574200 ms  DeleteObjects: 0.093400 ms)

========================================================================
Received Prepare
Registering precompiled user dll's ...
Registered in 0.000819 seconds.
Begin MonoManager ReloadAssembly
Native extension for WindowsStandalone target not found
Native extension for WebGL target not found
Refreshing native plugins compatible for Editor in 0.63 ms, found 0 plugins.
Preloading 0 native plugins for Editor in 0.00 ms.
Warning: Annotation not found!
UnityEngine.StackTraceUtility:ExtractStackTrace ()
UnityEditor.ProBuilder.EditorUtility:SetGizmoIconEnabled (System.Type,bool) (at Library/PackageCache/com.unity.probuilder@4.4.0/Editor/EditorCore/EditorUtility.cs:593)
UnityEditor.ProBuilder.HierarchyListener:.cctor () (at Library/PackageCache/com.unity.probuilder@4.4.0/Editor/EditorCore/HierarchyListener.cs:21)
System.Runtime.CompilerServices.RuntimeHelpers:RunClassConstructor (System.RuntimeTypeHandle)
UnityEditor.EditorAssemblies:ProcessInitializeOnLoadAttributes (System.Type[])

[Library/PackageCache/com.unity.probuilder@4.4.0/Editor/EditorCore/EditorUtility.cs line 593]

Invoked RoslynAnalysisRunner static constructor.
RoslynAnalysisRunner will not be running.
RoslynAnalysisRunner has terminated.
Mono: successfully reloaded assembly
- Completed reload, in  0.786 seconds
Platform modules already initialized, skipping
Refreshing native plugins compatible for Editor in 0.50 ms, found 0 plugins.
Preloading 0 native plugins for Editor in 0.00 ms.
Unloading 1896 Unused Serialized files (Serialized files now loaded: 0)
System memory in use before: 107.1 MB.
System memory in use after: 107.2 MB.

Unloading 6 unused Assets to reduce memory usage. Loaded Objects now: 2449.
Total: 2.110600 ms (FindLiveObjects: 0.209500 ms CreateObjectMapping: 0.081200 ms MarkObjects: 1.770000 ms  DeleteObjects: 0.049000 ms)

========================================================================
Received Import Request.
  Time since last request: 384.758534 seconds.
  path: Assets/Scripts
  artifactKey: Guid(0aa4eb06613042d4283ab5c51eee13ab) Importer(815301076,1909f56bfc062723c751e8b465ee728b)
Start importing Assets/Scripts using Guid(0aa4eb06613042d4283ab5c51eee13ab) Importer(815301076,1909f56bfc062723c751e8b465ee728b)  -> (artifact id: '6a64526e3e2e976417ed01f36e14504b') in 0.010237 seconds
  Import took 0.013104 seconds .

========================================================================
Received Import Request.
  Time since last request: 9.415746 seconds.
  path: Assets/Scripts/Spawner.cs
  artifactKey: Guid(1c40c37a1d4eb644ead4b32fe9eb9c1a) Importer(815301076,1909f56bfc062723c751e8b465ee728b)
Start importing Assets/Scripts/Spawner.cs using Guid(1c40c37a1d4eb644ead4b32fe9eb9c1a) Importer(815301076,1909f56bfc062723c751e8b465ee728b)  -> (artifact id: 'bcb1c847262bcf26c42d9793e053c6d4') in 0.012218 seconds
  Import took 0.016183 seconds .

========================================================================
Received Prepare
Registering precompiled user dll's ...
Registered in 0.000753 seconds.
Begin MonoManager ReloadAssembly
Native extension for WindowsStandalone target not found
Native extension for WebGL target not found
Refreshing native plugins compatible for Editor in 0.49 ms, found 0 plugins.
Preloading 0 native plugins for Editor in 0.00 ms.
Warning: Annotation not found!
UnityEngine.StackTraceUtility:ExtractStackTrace ()
UnityEditor.ProBuilder.EditorUtility:SetGizmoIconEnabled (System.Type,bool) (at Library/PackageCache/com.unity.probuilder@4.4.0/Editor/EditorCore/EditorUtility.cs:593)
UnityEditor.ProBuilder.HierarchyListener:.cctor () (at Library/PackageCache/com.unity.probuilder@4.4.0/Editor/EditorCore/HierarchyListener.cs:21)
System.Runtime.CompilerServices.RuntimeHelpers:RunClassConstructor (System.RuntimeTypeHandle)
UnityEditor.EditorAssemblies:ProcessInitializeOnLoadAttributes (System.Type[])

[Library/PackageCache/com.unity.probuilder@4.4.0/Editor/EditorCore/EditorUtility.cs line 593]

Invoked RoslynAnalysisRunner static constructor.
RoslynAnalysisRunner will not be running.
RoslynAnalysisRunner has terminated.
Mono: successfully reloaded assembly
- Completed reload, in  0.760 seconds
Platform modules already initialized, skipping
Refreshing native plugins compatible for Editor in 0.50 ms, found 0 plugins.
Preloading 0 native plugins for Editor in 0.00 ms.
Unloading 1897 Unused Serialized files (Serialized files now loaded: 0)
System memory in use before: 106.7 MB.
System memory in use after: 106.7 MB.

Unloading 6 unused Assets to reduce memory usage. Loaded Objects now: 2452.
Total: 1.890300 ms (FindLiveObjects: 0.227300 ms CreateObjectMapping: 0.070100 ms MarkObjects: 1.542200 ms  DeleteObjects: 0.049900 ms)

========================================================================
Received Prepare
Registering precompiled user dll's ...
Registered in 0.000913 seconds.
Begin MonoManager ReloadAssembly
Native extension for WindowsStandalone target not found
Native extension for WebGL target not found
Refreshing native plugins compatible for Editor in 0.52 ms, found 0 plugins.
Preloading 0 native plugins for Editor in 0.00 ms.
Warning: Annotation not found!
UnityEngine.StackTraceUtility:ExtractStackTrace ()
UnityEditor.ProBuilder.EditorUtility:SetGizmoIconEnabled (System.Type,bool) (at Library/PackageCache/com.unity.probuilder@4.4.0/Editor/EditorCore/EditorUtility.cs:593)
UnityEditor.ProBuilder.HierarchyListener:.cctor () (at Library/PackageCache/com.unity.probuilder@4.4.0/Editor/EditorCore/HierarchyListener.cs:21)
System.Runtime.CompilerServices.RuntimeHelpers:RunClassConstructor (System.RuntimeTypeHandle)
UnityEditor.EditorAssemblies:ProcessInitializeOnLoadAttributes (System.Type[])

[Library/PackageCache/com.unity.probuilder@4.4.0/Editor/EditorCore/EditorUtility.cs line 593]

Invoked RoslynAnalysisRunner static constructor.
RoslynAnalysisRunner will not be running.
RoslynAnalysisRunner has terminated.
Mono: successfully reloaded assembly
- Completed reload, in  0.828 seconds
Platform modules already initialized, skipping
Refreshing native plugins compatible for Editor in 0.49 ms, found 0 plugins.
Preloading 0 native plugins for Editor in 0.00 ms.
Unloading 1897 Unused Serialized files (Serialized files now loaded: 0)
System memory in use before: 107.0 MB.
System memory in use after: 107.1 MB.

Unloading 6 unused Assets to reduce memory usage. Loaded Objects now: 2454.
Total: 2.158300 ms (FindLiveObjects: 0.202700 ms CreateObjectMapping: 0.083200 ms MarkObjects: 1.816000 ms  DeleteObjects: 0.055300 ms)

========================================================================
Received Prepare
Registering precompiled user dll's ...
Registered in 0.000815 seconds.
Begin MonoManager ReloadAssembly
Native extension for WindowsStandalone target not found
Native extension for WebGL target not found
Refreshing native plugins compatible for Editor in 0.49 ms, found 0 plugins.
Preloading 0 native plugins for Editor in 0.00 ms.
Warning: Annotation not found!
UnityEngine.StackTraceUtility:ExtractStackTrace ()
UnityEditor.ProBuilder.EditorUtility:SetGizmoIconEnabled (System.Type,bool) (at Library/PackageCache/com.unity.probuilder@4.4.0/Editor/EditorCore/EditorUtility.cs:593)
UnityEditor.ProBuilder.HierarchyListener:.cctor () (at Library/PackageCache/com.unity.probuilder@4.4.0/Editor/EditorCore/HierarchyListener.cs:21)
System.Runtime.CompilerServices.RuntimeHelpers:RunClassConstructor (System.RuntimeTypeHandle)
UnityEditor.EditorAssemblies:ProcessInitializeOnLoadAttributes (System.Type[])

[Library/PackageCache/com.unity.probuilder@4.4.0/Editor/EditorCore/EditorUtility.cs line 593]

Invoked RoslynAnalysisRunner static constructor.
RoslynAnalysisRunner will not be running.
RoslynAnalysisRunner has terminated.
Mono: successfully reloaded assembly
- Completed reload, in  0.768 seconds
Platform modules already initialized, skipping
Refreshing native plugins compatible for Editor in 0.51 ms, found 0 plugins.
Preloading 0 native plugins for Editor in 0.00 ms.
Unloading 1897 Unused Serialized files (Serialized files now loaded: 0)
System memory in use before: 107.1 MB.
System memory in use after: 107.2 MB.

Unloading 6 unused Assets to reduce memory usage. Loaded Objects now: 2456.
Total: 1.949500 ms (FindLiveObjects: 0.176300 ms CreateObjectMapping: 0.074600 ms MarkObjects: 1.639600 ms  DeleteObjects: 0.057900 ms)

========================================================================
Received Prepare
Registering precompiled user dll's ...
Registered in 0.000883 seconds.
Begin MonoManager ReloadAssembly
Native extension for WindowsStandalone target not found
Native extension for WebGL target not found
Refreshing native plugins compatible for Editor in 0.48 ms, found 0 plugins.
Preloading 0 native plugins for Editor in 0.00 ms.
Warning: Annotation not found!
UnityEngine.StackTraceUtility:ExtractStackTrace ()
UnityEditor.ProBuilder.EditorUtility:SetGizmoIconEnabled (System.Type,bool) (at Library/PackageCache/com.unity.probuilder@4.4.0/Editor/EditorCore/EditorUtility.cs:593)
UnityEditor.ProBuilder.HierarchyListener:.cctor () (at Library/PackageCache/com.unity.probuilder@4.4.0/Editor/EditorCore/HierarchyListener.cs:21)
System.Runtime.CompilerServices.RuntimeHelpers:RunClassConstructor (System.RuntimeTypeHandle)
UnityEditor.EditorAssemblies:ProcessInitializeOnLoadAttributes (System.Type[])

[Library/PackageCache/com.unity.probuilder@4.4.0/Editor/EditorCore/EditorUtility.cs line 593]

Invoked RoslynAnalysisRunner static constructor.
RoslynAnalysisRunner will not be running.
RoslynAnalysisRunner has terminated.
Mono: successfully reloaded assembly
- Completed reload, in  0.755 seconds
Platform modules already initialized, skipping
Refreshing native plugins compatible for Editor in 0.52 ms, found 0 plugins.
Preloading 0 native plugins for Editor in 0.00 ms.
Unloading 1897 Unused Serialized files (Serialized files now loaded: 0)
System memory in use before: 106.8 MB.
System memory in use after: 106.8 MB.

Unloading 6 unused Assets to reduce memory usage. Loaded Objects now: 2458.
Total: 2.580900 ms (FindLiveObjects: 0.198900 ms CreateObjectMapping: 0.080300 ms MarkObjects: 2.229300 ms  DeleteObjects: 0.071300 ms)

========================================================================
Received Prepare
Registering precompiled user dll's ...
Registered in 0.001113 seconds.
Begin MonoManager ReloadAssembly
Native extension for WindowsStandalone target not found
Native extension for WebGL target not found
Refreshing native plugins compatible for Editor in 0.50 ms, found 0 plugins.
Preloading 0 native plugins for Editor in 0.00 ms.
Warning: Annotation not found!
UnityEngine.StackTraceUtility:ExtractStackTrace ()
UnityEditor.ProBuilder.EditorUtility:SetGizmoIconEnabled (System.Type,bool) (at Library/PackageCache/com.unity.probuilder@4.4.0/Editor/EditorCore/EditorUtility.cs:593)
UnityEditor.ProBuilder.HierarchyListener:.cctor () (at Library/PackageCache/com.unity.probuilder@4.4.0/Editor/EditorCore/HierarchyListener.cs:21)
System.Runtime.CompilerServices.RuntimeHelpers:RunClassConstructor (System.RuntimeTypeHandle)
UnityEditor.EditorAssemblies:ProcessInitializeOnLoadAttributes (System.Type[])

[Library/PackageCache/com.unity.probuilder@4.4.0/Editor/EditorCore/EditorUtility.cs line 593]

Invoked RoslynAnalysisRunner static constructor.
RoslynAnalysisRunner will not be running.
RoslynAnalysisRunner has terminated.
Mono: successfully reloaded assembly
- Completed reload, in  0.742 seconds
Platform modules already initialized, skipping
Refreshing native plugins compatible for Editor in 0.49 ms, found 0 plugins.
Preloading 0 native plugins for Editor in 0.00 ms.
Unloading 1897 Unused Serialized files (Serialized files now loaded: 0)
System memory in use before: 107.1 MB.
System memory in use after: 107.2 MB.

Unloading 6 unused Assets to reduce memory usage. Loaded Objects now: 2460.
Total: 2.195900 ms (FindLiveObjects: 0.258200 ms CreateObjectMapping: 0.080200 ms MarkObjects: 1.774100 ms  DeleteObjects: 0.082600 ms)

========================================================================
Received Import Request.
  Time since last request: 1328.698096 seconds.
  path: Assets/Scripts/Enemies
  artifactKey: Guid(5c3a594bbe7013f4a91fa112d349a3bc) Importer(815301076,1909f56bfc062723c751e8b465ee728b)
Start importing Assets/Scripts/Enemies using Guid(5c3a594bbe7013f4a91fa112d349a3bc) Importer(815301076,1909f56bfc062723c751e8b465ee728b)  -> (artifact id: '4c6a4d6b5856d24e5973f5cb58238614') in 0.012567 seconds
  Import took 0.015903 seconds .

========================================================================
Received Import Request.
  Time since last request: 11.701400 seconds.
  path: Assets/Scripts/Enemies/SpawnVolumes.cs
  artifactKey: Guid(e5598bc42a9194a489f8e647d377e8df) Importer(815301076,1909f56bfc062723c751e8b465ee728b)
Start importing Assets/Scripts/Enemies/SpawnVolumes.cs using Guid(e5598bc42a9194a489f8e647d377e8df) Importer(815301076,1909f56bfc062723c751e8b465ee728b)  -> (artifact id: '909ac91204b3e352c7ccc9c7b06995a1') in 0.008388 seconds
  Import took 0.011894 seconds .

========================================================================
Received Prepare
Registering precompiled user dll's ...
Registered in 0.000875 seconds.
Begin MonoManager ReloadAssembly
Native extension for WindowsStandalone target not found
Native extension for WebGL target not found
Refreshing native plugins compatible for Editor in 0.50 ms, found 0 plugins.
Preloading 0 native plugins for Editor in 0.00 ms.
Warning: Annotation not found!
UnityEngine.StackTraceUtility:ExtractStackTrace ()
UnityEditor.ProBuilder.EditorUtility:SetGizmoIconEnabled (System.Type,bool) (at Library/PackageCache/com.unity.probuilder@4.4.0/Editor/EditorCore/EditorUtility.cs:593)
UnityEditor.ProBuilder.HierarchyListener:.cctor () (at Library/PackageCache/com.unity.probuilder@4.4.0/Editor/EditorCore/HierarchyListener.cs:21)
System.Runtime.CompilerServices.RuntimeHelpers:RunClassConstructor (System.RuntimeTypeHandle)
UnityEditor.EditorAssemblies:ProcessInitializeOnLoadAttributes (System.Type[])

[Library/PackageCache/com.unity.probuilder@4.4.0/Editor/EditorCore/EditorUtility.cs line 593]

Invoked RoslynAnalysisRunner static constructor.
RoslynAnalysisRunner will not be running.
RoslynAnalysisRunner has terminated.
Mono: successfully reloaded assembly
- Completed reload, in  0.871 seconds
Platform modules already initialized, skipping
Refreshing native plugins compatible for Editor in 0.50 ms, found 0 plugins.
Preloading 0 native plugins for Editor in 0.00 ms.
Unloading 1898 Unused Serialized files (Serialized files now loaded: 0)
System memory in use before: 107.2 MB.
System memory in use after: 107.3 MB.

Unloading 6 unused Assets to reduce memory usage. Loaded Objects now: 2463.
Total: 3.075600 ms (FindLiveObjects: 0.348700 ms CreateObjectMapping: 0.266700 ms MarkObjects: 2.391300 ms  DeleteObjects: 0.067500 ms)

========================================================================
Received Prepare
Registering precompiled user dll's ...
Registered in 0.000863 seconds.
Begin MonoManager ReloadAssembly
Native extension for WindowsStandalone target not found
Native extension for WebGL target not found
Refreshing native plugins compatible for Editor in 0.49 ms, found 0 plugins.
Preloading 0 native plugins for Editor in 0.00 ms.
Warning: Annotation not found!
UnityEngine.StackTraceUtility:ExtractStackTrace ()
UnityEditor.ProBuilder.EditorUtility:SetGizmoIconEnabled (System.Type,bool) (at Library/PackageCache/com.unity.probuilder@4.4.0/Editor/EditorCore/EditorUtility.cs:593)
UnityEditor.ProBuilder.HierarchyListener:.cctor () (at Library/PackageCache/com.unity.probuilder@4.4.0/Editor/EditorCore/HierarchyListener.cs:21)
System.Runtime.CompilerServices.RuntimeHelpers:RunClassConstructor (System.RuntimeTypeHandle)
UnityEditor.EditorAssemblies:ProcessInitializeOnLoadAttributes (System.Type[])

[Library/PackageCache/com.unity.probuilder@4.4.0/Editor/EditorCore/EditorUtility.cs line 593]

Invoked RoslynAnalysisRunner static constructor.
RoslynAnalysisRunner will not be running.
RoslynAnalysisRunner has terminated.
Mono: successfully reloaded assembly
- Completed reload, in  0.789 seconds
Platform modules already initialized, skipping
Refreshing native plugins compatible for Editor in 0.57 ms, found 0 plugins.
Preloading 0 native plugins for Editor in 0.00 ms.
Unloading 1898 Unused Serialized files (Serialized files now loaded: 0)
System memory in use before: 106.9 MB.
System memory in use after: 107.0 MB.

Unloading 6 unused Assets to reduce memory usage. Loaded Objects now: 2465.
Total: 2.057100 ms (FindLiveObjects: 0.230200 ms CreateObjectMapping: 0.123300 ms MarkObjects: 1.638100 ms  DeleteObjects: 0.064300 ms)

========================================================================
Received Import Request.
  Time since last request: 209.544098 seconds.
  path: Assets/Scripts/Enemies/Spawner.cs
  artifactKey: Guid(1c40c37a1d4eb644ead4b32fe9eb9c1a) Importer(815301076,1909f56bfc062723c751e8b465ee728b)
Start importing Assets/Scripts/Enemies/Spawner.cs using Guid(1c40c37a1d4eb644ead4b32fe9eb9c1a) Importer(815301076,1909f56bfc062723c751e8b465ee728b)  -> (artifact id: 'd57bb56a02fc908bfa6f993c1ed1d3a9') in 0.004857 seconds
  Import took 0.008571 seconds .

========================================================================
Received Prepare
Registering precompiled user dll's ...
Registered in 0.000875 seconds.
Begin MonoManager ReloadAssembly
Native extension for WindowsStandalone target not found
Native extension for WebGL target not found
Refreshing native plugins compatible for Editor in 0.54 ms, found 0 plugins.
Preloading 0 native plugins for Editor in 0.00 ms.
Warning: Annotation not found!
UnityEngine.StackTraceUtility:ExtractStackTrace ()
UnityEditor.ProBuilder.EditorUtility:SetGizmoIconEnabled (System.Type,bool) (at Library/PackageCache/com.unity.probuilder@4.4.0/Editor/EditorCore/EditorUtility.cs:593)
UnityEditor.ProBuilder.HierarchyListener:.cctor () (at Library/PackageCache/com.unity.probuilder@4.4.0/Editor/EditorCore/HierarchyListener.cs:21)
System.Runtime.CompilerServices.RuntimeHelpers:RunClassConstructor (System.RuntimeTypeHandle)
UnityEditor.EditorAssemblies:ProcessInitializeOnLoadAttributes (System.Type[])

[Library/PackageCache/com.unity.probuilder@4.4.0/Editor/EditorCore/EditorUtility.cs line 593]

Invoked RoslynAnalysisRunner static constructor.
RoslynAnalysisRunner will not be running.
RoslynAnalysisRunner has terminated.
Mono: successfully reloaded assembly
- Completed reload, in  0.782 seconds
Platform modules already initialized, skipping
Refreshing native plugins compatible for Editor in 0.55 ms, found 0 plugins.
Preloading 0 native plugins for Editor in 0.00 ms.
Unloading 1898 Unused Serialized files (Serialized files now loaded: 0)
System memory in use before: 107.2 MB.
System memory in use after: 107.3 MB.

Unloading 6 unused Assets to reduce memory usage. Loaded Objects now: 2467.
Total: 2.245000 ms (FindLiveObjects: 0.205400 ms CreateObjectMapping: 0.090300 ms MarkObjects: 1.891300 ms  DeleteObjects: 0.057100 ms)

========================================================================
Received Import Request.
  Time since last request: 161.484196 seconds.
  path: Assets/Scripts/Enemies/SpawnVolumes.cs
  artifactKey: Guid(e5598bc42a9194a489f8e647d377e8df) Importer(815301076,1909f56bfc062723c751e8b465ee728b)
Start importing Assets/Scripts/Enemies/SpawnVolumes.cs using Guid(e5598bc42a9194a489f8e647d377e8df) Importer(815301076,1909f56bfc062723c751e8b465ee728b)  -> (artifact id: '9c39f8bc0807fd114488622633f5c1ca') in 0.004924 seconds
  Import took 0.008873 seconds .

========================================================================
Received Import Request.
  Time since last request: 0.412969 seconds.
  path: Assets/Scripts/Enemies/SpawnVolumes.cs
  artifactKey: Guid(e5598bc42a9194a489f8e647d377e8df) Importer(815301076,1909f56bfc062723c751e8b465ee728b)
Start importing Assets/Scripts/Enemies/SpawnVolumes.cs using Guid(e5598bc42a9194a489f8e647d377e8df) Importer(815301076,1909f56bfc062723c751e8b465ee728b)  -> (artifact id: '9c39f8bc0807fd114488622633f5c1ca') in 0.003271 seconds
  Import took 0.006356 seconds .

========================================================================
Received Import Request.
  Time since last request: 2.369426 seconds.
  path: Assets/Scripts/Enemies/SpawnVolume.cs
  artifactKey: Guid(e5598bc42a9194a489f8e647d377e8df) Importer(815301076,1909f56bfc062723c751e8b465ee728b)
Start importing Assets/Scripts/Enemies/SpawnVolume.cs using Guid(e5598bc42a9194a489f8e647d377e8df) Importer(815301076,1909f56bfc062723c751e8b465ee728b)  -> (artifact id: 'd7749c002ed4180eabb8ccca151dbd54') in 0.007315 seconds
  Import took 0.010310 seconds .

========================================================================
Received Prepare
Registering precompiled user dll's ...
Registered in 0.001005 seconds.
Begin MonoManager ReloadAssembly
Native extension for WindowsStandalone target not found
Native extension for WebGL target not found
Refreshing native plugins compatible for Editor in 0.78 ms, found 0 plugins.
Preloading 0 native plugins for Editor in 0.00 ms.
Warning: Annotation not found!
UnityEngine.StackTraceUtility:ExtractStackTrace ()
UnityEditor.ProBuilder.EditorUtility:SetGizmoIconEnabled (System.Type,bool) (at Library/PackageCache/com.unity.probuilder@4.4.0/Editor/EditorCore/EditorUtility.cs:593)
UnityEditor.ProBuilder.HierarchyListener:.cctor () (at Library/PackageCache/com.unity.probuilder@4.4.0/Editor/EditorCore/HierarchyListener.cs:21)
System.Runtime.CompilerServices.RuntimeHelpers:RunClassConstructor (System.RuntimeTypeHandle)
UnityEditor.EditorAssemblies:ProcessInitializeOnLoadAttributes (System.Type[])

[Library/PackageCache/com.unity.probuilder@4.4.0/Editor/EditorCore/EditorUtility.cs line 593]

Invoked RoslynAnalysisRunner static constructor.
RoslynAnalysisRunner will not be running.
RoslynAnalysisRunner has terminated.
Mono: successfully reloaded assembly
- Completed reload, in  0.836 seconds
Platform modules already initialized, skipping
Refreshing native plugins compatible for Editor in 0.52 ms, found 0 plugins.
Preloading 0 native plugins for Editor in 0.00 ms.
Unloading 1898 Unused Serialized files (Serialized files now loaded: 0)
System memory in use before: 106.7 MB.
System memory in use after: 106.7 MB.

Unloading 6 unused Assets to reduce memory usage. Loaded Objects now: 2469.
Total: 2.317400 ms (FindLiveObjects: 0.354600 ms CreateObjectMapping: 0.174200 ms MarkObjects: 1.733900 ms  DeleteObjects: 0.053900 ms)

========================================================================
Received Prepare
Registering precompiled user dll's ...
Registered in 0.001036 seconds.
Begin MonoManager ReloadAssembly
Native extension for WindowsStandalone target not found
Native extension for WebGL target not found
Refreshing native plugins compatible for Editor in 0.50 ms, found 0 plugins.
Preloading 0 native plugins for Editor in 0.00 ms.
Warning: Annotation not found!
UnityEngine.StackTraceUtility:ExtractStackTrace ()
UnityEditor.ProBuilder.EditorUtility:SetGizmoIconEnabled (System.Type,bool) (at Library/PackageCache/com.unity.probuilder@4.4.0/Editor/EditorCore/EditorUtility.cs:593)
UnityEditor.ProBuilder.HierarchyListener:.cctor () (at Library/PackageCache/com.unity.probuilder@4.4.0/Editor/EditorCore/HierarchyListener.cs:21)
System.Runtime.CompilerServices.RuntimeHelpers:RunClassConstructor (System.RuntimeTypeHandle)
UnityEditor.EditorAssemblies:ProcessInitializeOnLoadAttributes (System.Type[])

[Library/PackageCache/com.unity.probuilder@4.4.0/Editor/EditorCore/EditorUtility.cs line 593]

Invoked RoslynAnalysisRunner static constructor.
RoslynAnalysisRunner will not be running.
RoslynAnalysisRunner has terminated.
Mono: successfully reloaded assembly
- Completed reload, in  0.813 seconds
Platform modules already initialized, skipping
Refreshing native plugins compatible for Editor in 0.51 ms, found 0 plugins.
Preloading 0 native plugins for Editor in 0.00 ms.
Unloading 1898 Unused Serialized files (Serialized files now loaded: 0)
System memory in use before: 107.0 MB.
System memory in use after: 107.1 MB.

Unloading 6 unused Assets to reduce memory usage. Loaded Objects now: 2471.
Total: 2.288800 ms (FindLiveObjects: 0.193300 ms CreateObjectMapping: 0.079600 ms MarkObjects: 1.959700 ms  DeleteObjects: 0.055300 ms)

========================================================================
Received Import Request.
  Time since last request: 58.222294 seconds.
  path: Assets/Scripts/Enemies/SpawnVolume.cs
  artifactKey: Guid(e5598bc42a9194a489f8e647d377e8df) Importer(815301076,1909f56bfc062723c751e8b465ee728b)
Start importing Assets/Scripts/Enemies/SpawnVolume.cs using Guid(e5598bc42a9194a489f8e647d377e8df) Importer(815301076,1909f56bfc062723c751e8b465ee728b)  -> (artifact id: '89677a2f8523ae9cc23f13367a1f27e7') in 0.008336 seconds
  Import took 0.011487 seconds .

========================================================================
Received Prepare
Registering precompiled user dll's ...
Registered in 0.000770 seconds.
Begin MonoManager ReloadAssembly
Native extension for WindowsStandalone target not found
Native extension for WebGL target not found
Refreshing native plugins compatible for Editor in 0.82 ms, found 0 plugins.
Preloading 0 native plugins for Editor in 0.00 ms.
Warning: Annotation not found!
UnityEngine.StackTraceUtility:ExtractStackTrace ()
UnityEditor.ProBuilder.EditorUtility:SetGizmoIconEnabled (System.Type,bool) (at Library/PackageCache/com.unity.probuilder@4.4.0/Editor/EditorCore/EditorUtility.cs:593)
UnityEditor.ProBuilder.HierarchyListener:.cctor () (at Library/PackageCache/com.unity.probuilder@4.4.0/Editor/EditorCore/HierarchyListener.cs:21)
System.Runtime.CompilerServices.RuntimeHelpers:RunClassConstructor (System.RuntimeTypeHandle)
UnityEditor.EditorAssemblies:ProcessInitializeOnLoadAttributes (System.Type[])

[Library/PackageCache/com.unity.probuilder@4.4.0/Editor/EditorCore/EditorUtility.cs line 593]

Invoked RoslynAnalysisRunner static constructor.
RoslynAnalysisRunner will not be running.
RoslynAnalysisRunner has terminated.
Mono: successfully reloaded assembly
- Completed reload, in  0.791 seconds
Platform modules already initialized, skipping
Refreshing native plugins compatible for Editor in 0.71 ms, found 0 plugins.
Preloading 0 native plugins for Editor in 0.00 ms.
Unloading 1898 Unused Serialized files (Serialized files now loaded: 0)
System memory in use before: 107.2 MB.
System memory in use after: 107.3 MB.

Unloading 6 unused Assets to reduce memory usage. Loaded Objects now: 2473.
Total: 2.093900 ms (FindLiveObjects: 0.222800 ms CreateObjectMapping: 0.095600 ms MarkObjects: 1.721400 ms  DeleteObjects: 0.052900 ms)

========================================================================
Received Prepare
Registering precompiled user dll's ...
Registered in 0.000928 seconds.
Begin MonoManager ReloadAssembly
Native extension for WindowsStandalone target not found
Native extension for WebGL target not found
Refreshing native plugins compatible for Editor in 0.74 ms, found 0 plugins.
Preloading 0 native plugins for Editor in 0.00 ms.
Warning: Annotation not found!
UnityEngine.StackTraceUtility:ExtractStackTrace ()
UnityEditor.ProBuilder.EditorUtility:SetGizmoIconEnabled (System.Type,bool) (at Library/PackageCache/com.unity.probuilder@4.4.0/Editor/EditorCore/EditorUtility.cs:593)
UnityEditor.ProBuilder.HierarchyListener:.cctor () (at Library/PackageCache/com.unity.probuilder@4.4.0/Editor/EditorCore/HierarchyListener.cs:21)
System.Runtime.CompilerServices.RuntimeHelpers:RunClassConstructor (System.RuntimeTypeHandle)
UnityEditor.EditorAssemblies:ProcessInitializeOnLoadAttributes (System.Type[])

[Library/PackageCache/com.unity.probuilder@4.4.0/Editor/EditorCore/EditorUtility.cs line 593]

Invoked RoslynAnalysisRunner static constructor.
RoslynAnalysisRunner will not be running.
RoslynAnalysisRunner has terminated.
Mono: successfully reloaded assembly
- Completed reload, in  0.750 seconds
Platform modules already initialized, skipping
Refreshing native plugins compatible for Editor in 1.39 ms, found 0 plugins.
Preloading 0 native plugins for Editor in 0.00 ms.
Unloading 1898 Unused Serialized files (Serialized files now loaded: 0)
System memory in use before: 106.8 MB.
System memory in use after: 106.8 MB.

Unloading 6 unused Assets to reduce memory usage. Loaded Objects now: 2475.
Total: 3.601100 ms (FindLiveObjects: 0.250900 ms CreateObjectMapping: 0.195300 ms MarkObjects: 3.071800 ms  DeleteObjects: 0.081700 ms)

========================================================================
Received Import Request.
  Time since last request: 215.558425 seconds.
  path: Assets/Data/Prefabs
  artifactKey: Guid(85c9965ea24bedd479f07a10ee16d5ac) Importer(815301076,1909f56bfc062723c751e8b465ee728b)
Start importing Assets/Data/Prefabs using Guid(85c9965ea24bedd479f07a10ee16d5ac) Importer(815301076,1909f56bfc062723c751e8b465ee728b)  -> (artifact id: 'd3b21bdd12724f6f5ec14e9806c754b0') in 0.010862 seconds
  Import took 0.015133 seconds .

========================================================================
Received Import Request.
  Time since last request: 23.165106 seconds.
  path: Assets/Data/Prefabs/Zombies/Spawn Volume.prefab
  artifactKey: Guid(3f792a7435e09d940b8bbc3aa719dd51) Importer(815301076,1909f56bfc062723c751e8b465ee728b)
Start importing Assets/Data/Prefabs/Zombies/Spawn Volume.prefab using Guid(3f792a7435e09d940b8bbc3aa719dd51) Importer(815301076,1909f56bfc062723c751e8b465ee728b)  -> (artifact id: '264f6cabfef0f4d5a5d0a0f81a7c0123') in 0.019892 seconds
  Import took 0.024058 seconds .

========================================================================
Received Import Request.
  Time since last request: 0.001950 seconds.
  path: Assets/Data/Prefabs/Zombies/Spawn Volume.prefab
  artifactKey: Guid(3f792a7435e09d940b8bbc3aa719dd51) Importer(815301076,1909f56bfc062723c751e8b465ee728b)
Start importing Assets/Data/Prefabs/Zombies/Spawn Volume.prefab using Guid(3f792a7435e09d940b8bbc3aa719dd51) Importer(815301076,1909f56bfc062723c751e8b465ee728b)  -> (artifact id: '264f6cabfef0f4d5a5d0a0f81a7c0123') in 0.004630 seconds
  Import took 0.007640 seconds .

========================================================================
Received Import Request.
  Time since last request: 1.461617 seconds.
  path: Assets/Data/Prefabs/Zombies/Spawner.prefab
  artifactKey: Guid(b54a14cdba256d042a8b3162a2211165) Importer(815301076,1909f56bfc062723c751e8b465ee728b)
Start importing Assets/Data/Prefabs/Zombies/Spawner.prefab using Guid(b54a14cdba256d042a8b3162a2211165) Importer(815301076,1909f56bfc062723c751e8b465ee728b)  -> (artifact id: 'a5a16e189444c9083bc6f8b8f38208fa') in 0.029345 seconds
  Import took 0.035159 seconds .

========================================================================
Received Prepare
Registering precompiled user dll's ...
Registered in 0.000882 seconds.
Begin MonoManager ReloadAssembly
Native extension for WindowsStandalone target not found
Native extension for WebGL target not found
Refreshing native plugins compatible for Editor in 0.67 ms, found 0 plugins.
Preloading 0 native plugins for Editor in 0.00 ms.
Warning: Annotation not found!
UnityEngine.StackTraceUtility:ExtractStackTrace ()
UnityEditor.ProBuilder.EditorUtility:SetGizmoIconEnabled (System.Type,bool) (at Library/PackageCache/com.unity.probuilder@4.4.0/Editor/EditorCore/EditorUtility.cs:593)
UnityEditor.ProBuilder.HierarchyListener:.cctor () (at Library/PackageCache/com.unity.probuilder@4.4.0/Editor/EditorCore/HierarchyListener.cs:21)
System.Runtime.CompilerServices.RuntimeHelpers:RunClassConstructor (System.RuntimeTypeHandle)
UnityEditor.EditorAssemblies:ProcessInitializeOnLoadAttributes (System.Type[])

[Library/PackageCache/com.unity.probuilder@4.4.0/Editor/EditorCore/EditorUtility.cs line 593]

Invoked RoslynAnalysisRunner static constructor.
RoslynAnalysisRunner will not be running.
RoslynAnalysisRunner has terminated.
Mono: successfully reloaded assembly
- Completed reload, in  0.896 seconds
Platform modules already initialized, skipping
Refreshing native plugins compatible for Editor in 0.81 ms, found 0 plugins.
Preloading 0 native plugins for Editor in 0.00 ms.
Unloading 1898 Unused Serialized files (Serialized files now loaded: 0)
System memory in use before: 107.1 MB.
System memory in use after: 107.2 MB.

Unloading 6 unused Assets to reduce memory usage. Loaded Objects now: 2477.
Total: 2.634400 ms (FindLiveObjects: 0.209200 ms CreateObjectMapping: 0.261100 ms MarkObjects: 2.104500 ms  DeleteObjects: 0.058300 ms)

========================================================================
Received Prepare
Registering precompiled user dll's ...
Registered in 0.001564 seconds.
Begin MonoManager ReloadAssembly
Native extension for WindowsStandalone target not found
Native extension for WebGL target not found
Refreshing native plugins compatible for Editor in 0.88 ms, found 0 plugins.
Preloading 0 native plugins for Editor in 0.00 ms.
Warning: Annotation not found!
UnityEngine.StackTraceUtility:ExtractStackTrace ()
UnityEditor.ProBuilder.EditorUtility:SetGizmoIconEnabled (System.Type,bool) (at Library/PackageCache/com.unity.probuilder@4.4.0/Editor/EditorCore/EditorUtility.cs:593)
UnityEditor.ProBuilder.HierarchyListener:.cctor () (at Library/PackageCache/com.unity.probuilder@4.4.0/Editor/EditorCore/HierarchyListener.cs:21)
System.Runtime.CompilerServices.RuntimeHelpers:RunClassConstructor (System.RuntimeTypeHandle)
UnityEditor.EditorAssemblies:ProcessInitializeOnLoadAttributes (System.Type[])

[Library/PackageCache/com.unity.probuilder@4.4.0/Editor/EditorCore/EditorUtility.cs line 593]

Invoked RoslynAnalysisRunner static constructor.
RoslynAnalysisRunner will not be running.
RoslynAnalysisRunner has terminated.
Mono: successfully reloaded assembly
- Completed reload, in  0.876 seconds
Platform modules already initialized, skipping
Refreshing native plugins compatible for Editor in 1.03 ms, found 0 plugins.
Preloading 0 native plugins for Editor in 0.00 ms.
Unloading 1898 Unused Serialized files (Serialized files now loaded: 0)
System memory in use before: 107.3 MB.
System memory in use after: 107.3 MB.

Unloading 6 unused Assets to reduce memory usage. Loaded Objects now: 2479.
Total: 3.906800 ms (FindLiveObjects: 0.327200 ms CreateObjectMapping: 0.164600 ms MarkObjects: 3.350000 ms  DeleteObjects: 0.063800 ms)

========================================================================
Received Prepare
Registering precompiled user dll's ...
Registered in 0.000949 seconds.
Begin MonoManager ReloadAssembly
Native extension for WindowsStandalone target not found
Native extension for WebGL target not found
Refreshing native plugins compatible for Editor in 0.58 ms, found 0 plugins.
Preloading 0 native plugins for Editor in 0.00 ms.
Warning: Annotation not found!
UnityEngine.StackTraceUtility:ExtractStackTrace ()
UnityEditor.ProBuilder.EditorUtility:SetGizmoIconEnabled (System.Type,bool) (at Library/PackageCache/com.unity.probuilder@4.4.0/Editor/EditorCore/EditorUtility.cs:593)
UnityEditor.ProBuilder.HierarchyListener:.cctor () (at Library/PackageCache/com.unity.probuilder@4.4.0/Editor/EditorCore/HierarchyListener.cs:21)
System.Runtime.CompilerServices.RuntimeHelpers:RunClassConstructor (System.RuntimeTypeHandle)
UnityEditor.EditorAssemblies:ProcessInitializeOnLoadAttributes (System.Type[])

[Library/PackageCache/com.unity.probuilder@4.4.0/Editor/EditorCore/EditorUtility.cs line 593]

Invoked RoslynAnalysisRunner static constructor.
RoslynAnalysisRunner will not be running.
RoslynAnalysisRunner has terminated.
Mono: successfully reloaded assembly
- Completed reload, in  0.787 seconds
Platform modules already initialized, skipping
Refreshing native plugins compatible for Editor in 0.75 ms, found 0 plugins.
Preloading 0 native plugins for Editor in 0.00 ms.
Unloading 1898 Unused Serialized files (Serialized files now loaded: 0)
System memory in use before: 106.9 MB.
System memory in use after: 107.0 MB.

Unloading 6 unused Assets to reduce memory usage. Loaded Objects now: 2481.
Total: 2.717400 ms (FindLiveObjects: 0.326600 ms CreateObjectMapping: 0.147800 ms MarkObjects: 2.175700 ms  DeleteObjects: 0.066100 ms)

========================================================================
Received Prepare
Registering precompiled user dll's ...
Registered in 0.000980 seconds.
Begin MonoManager ReloadAssembly
Native extension for WindowsStandalone target not found
Native extension for WebGL target not found
Refreshing native plugins compatible for Editor in 0.77 ms, found 0 plugins.
Preloading 0 native plugins for Editor in 0.00 ms.
Warning: Annotation not found!
UnityEngine.StackTraceUtility:ExtractStackTrace ()
UnityEditor.ProBuilder.EditorUtility:SetGizmoIconEnabled (System.Type,bool) (at Library/PackageCache/com.unity.probuilder@4.4.0/Editor/EditorCore/EditorUtility.cs:593)
UnityEditor.ProBuilder.HierarchyListener:.cctor () (at Library/PackageCache/com.unity.probuilder@4.4.0/Editor/EditorCore/HierarchyListener.cs:21)
System.Runtime.CompilerServices.RuntimeHelpers:RunClassConstructor (System.RuntimeTypeHandle)
UnityEditor.EditorAssemblies:ProcessInitializeOnLoadAttributes (System.Type[])

[Library/PackageCache/com.unity.probuilder@4.4.0/Editor/EditorCore/EditorUtility.cs line 593]

Invoked RoslynAnalysisRunner static constructor.
RoslynAnalysisRunner will not be running.
RoslynAnalysisRunner has terminated.
Mono: successfully reloaded assembly
- Completed reload, in  0.850 seconds
Platform modules already initialized, skipping
Refreshing native plugins compatible for Editor in 0.51 ms, found 0 plugins.
Preloading 0 native plugins for Editor in 0.00 ms.
Unloading 1898 Unused Serialized files (Serialized files now loaded: 0)
System memory in use before: 107.3 MB.
System memory in use after: 107.3 MB.

Unloading 6 unused Assets to reduce memory usage. Loaded Objects now: 2483.
Total: 2.892600 ms (FindLiveObjects: 0.311000 ms CreateObjectMapping: 0.195600 ms MarkObjects: 2.323500 ms  DeleteObjects: 0.060900 ms)

========================================================================
Received Prepare
Registering precompiled user dll's ...
Registered in 0.000830 seconds.
Begin MonoManager ReloadAssembly
Native extension for WindowsStandalone target not found
Native extension for WebGL target not found
Refreshing native plugins compatible for Editor in 0.52 ms, found 0 plugins.
Preloading 0 native plugins for Editor in 0.00 ms.
Warning: Annotation not found!
UnityEngine.StackTraceUtility:ExtractStackTrace ()
UnityEditor.ProBuilder.EditorUtility:SetGizmoIconEnabled (System.Type,bool) (at Library/PackageCache/com.unity.probuilder@4.4.0/Editor/EditorCore/EditorUtility.cs:593)
UnityEditor.ProBuilder.HierarchyListener:.cctor () (at Library/PackageCache/com.unity.probuilder@4.4.0/Editor/EditorCore/HierarchyListener.cs:21)
System.Runtime.CompilerServices.RuntimeHelpers:RunClassConstructor (System.RuntimeTypeHandle)
UnityEditor.EditorAssemblies:ProcessInitializeOnLoadAttributes (System.Type[])

[Library/PackageCache/com.unity.probuilder@4.4.0/Editor/EditorCore/EditorUtility.cs line 593]

Invoked RoslynAnalysisRunner static constructor.
RoslynAnalysisRunner will not be running.
RoslynAnalysisRunner has terminated.
Mono: successfully reloaded assembly
- Completed reload, in  0.803 seconds
Platform modules already initialized, skipping
Refreshing native plugins compatible for Editor in 0.50 ms, found 0 plugins.
Preloading 0 native plugins for Editor in 0.00 ms.
Unloading 1898 Unused Serialized files (Serialized files now loaded: 0)
System memory in use before: 106.6 MB.
System memory in use after: 106.7 MB.

Unloading 6 unused Assets to reduce memory usage. Loaded Objects now: 2485.
Total: 2.129600 ms (FindLiveObjects: 0.289500 ms CreateObjectMapping: 0.068400 ms MarkObjects: 1.682700 ms  DeleteObjects: 0.087900 ms)

========================================================================
Received Prepare
Registering precompiled user dll's ...
Registered in 0.000968 seconds.
Begin MonoManager ReloadAssembly
Native extension for WindowsStandalone target not found
Native extension for WebGL target not found
Refreshing native plugins compatible for Editor in 0.91 ms, found 0 plugins.
Preloading 0 native plugins for Editor in 0.00 ms.
Warning: Annotation not found!
UnityEngine.StackTraceUtility:ExtractStackTrace ()
UnityEditor.ProBuilder.EditorUtility:SetGizmoIconEnabled (System.Type,bool) (at Library/PackageCache/com.unity.probuilder@4.4.0/Editor/EditorCore/EditorUtility.cs:593)
UnityEditor.ProBuilder.HierarchyListener:.cctor () (at Library/PackageCache/com.unity.probuilder@4.4.0/Editor/EditorCore/HierarchyListener.cs:21)
System.Runtime.CompilerServices.RuntimeHelpers:RunClassConstructor (System.RuntimeTypeHandle)
UnityEditor.EditorAssemblies:ProcessInitializeOnLoadAttributes (System.Type[])

[Library/PackageCache/com.unity.probuilder@4.4.0/Editor/EditorCore/EditorUtility.cs line 593]

Invoked RoslynAnalysisRunner static constructor.
RoslynAnalysisRunner will not be running.
RoslynAnalysisRunner has terminated.
Mono: successfully reloaded assembly
- Completed reload, in  0.830 seconds
Platform modules already initialized, skipping
Refreshing native plugins compatible for Editor in 0.51 ms, found 0 plugins.
Preloading 0 native plugins for Editor in 0.00 ms.
Unloading 1898 Unused Serialized files (Serialized files now loaded: 0)
System memory in use before: 107.0 MB.
System memory in use after: 107.1 MB.

Unloading 6 unused Assets to reduce memory usage. Loaded Objects now: 2487.
Total: 2.098100 ms (FindLiveObjects: 0.224600 ms CreateObjectMapping: 0.097000 ms MarkObjects: 1.715400 ms  DeleteObjects: 0.059700 ms)

========================================================================
Received Prepare
Registering precompiled user dll's ...
Registered in 0.000826 seconds.
Begin MonoManager ReloadAssembly
Native extension for WindowsStandalone target not found
Native extension for WebGL target not found
Refreshing native plugins compatible for Editor in 0.62 ms, found 0 plugins.
Preloading 0 native plugins for Editor in 0.00 ms.
Warning: Annotation not found!
UnityEngine.StackTraceUtility:ExtractStackTrace ()
UnityEditor.ProBuilder.EditorUtility:SetGizmoIconEnabled (System.Type,bool) (at Library/PackageCache/com.unity.probuilder@4.4.0/Editor/EditorCore/EditorUtility.cs:593)
UnityEditor.ProBuilder.HierarchyListener:.cctor () (at Library/PackageCache/com.unity.probuilder@4.4.0/Editor/EditorCore/HierarchyListener.cs:21)
System.Runtime.CompilerServices.RuntimeHelpers:RunClassConstructor (System.RuntimeTypeHandle)
UnityEditor.EditorAssemblies:ProcessInitializeOnLoadAttributes (System.Type[])

[Library/PackageCache/com.unity.probuilder@4.4.0/Editor/EditorCore/EditorUtility.cs line 593]

Invoked RoslynAnalysisRunner static constructor.
RoslynAnalysisRunner will not be running.
RoslynAnalysisRunner has terminated.
Mono: successfully reloaded assembly
- Completed reload, in  0.786 seconds
Platform modules already initialized, skipping
Refreshing native plugins compatible for Editor in 0.50 ms, found 0 plugins.
Preloading 0 native plugins for Editor in 0.00 ms.
Unloading 1898 Unused Serialized files (Serialized files now loaded: 0)
System memory in use before: 107.3 MB.
System memory in use after: 107.4 MB.

Unloading 6 unused Assets to reduce memory usage. Loaded Objects now: 2489.
Total: 2.342700 ms (FindLiveObjects: 0.257500 ms CreateObjectMapping: 0.077400 ms MarkObjects: 1.891900 ms  DeleteObjects: 0.114500 ms)

========================================================================
Received Import Request.
  Time since last request: 768.964594 seconds.
  path: Assets/Data/Prefabs/Zombies/Zombie_BellBoy.prefab
  artifactKey: Guid(7fa60867b46d4db4093afb9e9a81eb64) Importer(815301076,1909f56bfc062723c751e8b465ee728b)
Start importing Assets/Data/Prefabs/Zombies/Zombie_BellBoy.prefab using Guid(7fa60867b46d4db4093afb9e9a81eb64) Importer(815301076,1909f56bfc062723c751e8b465ee728b)  -> (artifact id: '0ada0a2b54e1e081eb4fe47865720ddf') in 0.147546 seconds
  Import took 0.153329 seconds .

========================================================================
Received Prepare
Registering precompiled user dll's ...
Registered in 0.001016 seconds.
Begin MonoManager ReloadAssembly
Native extension for WindowsStandalone target not found
Native extension for WebGL target not found
Refreshing native plugins compatible for Editor in 1.00 ms, found 0 plugins.
Preloading 0 native plugins for Editor in 0.00 ms.
Warning: Annotation not found!
UnityEngine.StackTraceUtility:ExtractStackTrace ()
UnityEditor.ProBuilder.EditorUtility:SetGizmoIconEnabled (System.Type,bool) (at Library/PackageCache/com.unity.probuilder@4.4.0/Editor/EditorCore/EditorUtility.cs:593)
UnityEditor.ProBuilder.HierarchyListener:.cctor () (at Library/PackageCache/com.unity.probuilder@4.4.0/Editor/EditorCore/HierarchyListener.cs:21)
System.Runtime.CompilerServices.RuntimeHelpers:RunClassConstructor (System.RuntimeTypeHandle)
UnityEditor.EditorAssemblies:ProcessInitializeOnLoadAttributes (System.Type[])

[Library/PackageCache/com.unity.probuilder@4.4.0/Editor/EditorCore/EditorUtility.cs line 593]

Invoked RoslynAnalysisRunner static constructor.
RoslynAnalysisRunner will not be running.
RoslynAnalysisRunner has terminated.
Mono: successfully reloaded assembly
- Completed reload, in  0.906 seconds
Platform modules already initialized, skipping
Refreshing native plugins compatible for Editor in 0.62 ms, found 0 plugins.
Preloading 0 native plugins for Editor in 0.00 ms.
Unloading 1898 Unused Serialized files (Serialized files now loaded: 0)
System memory in use before: 106.9 MB.
System memory in use after: 106.9 MB.

Unloading 6 unused Assets to reduce memory usage. Loaded Objects now: 2492.
Total: 2.757100 ms (FindLiveObjects: 0.432200 ms CreateObjectMapping: 0.150900 ms MarkObjects: 2.091900 ms  DeleteObjects: 0.080700 ms)

========================================================================
Received Prepare
Registering precompiled user dll's ...
Registered in 0.000915 seconds.
Begin MonoManager ReloadAssembly
Native extension for WindowsStandalone target not found
Native extension for WebGL target not found
Refreshing native plugins compatible for Editor in 0.48 ms, found 0 plugins.
Preloading 0 native plugins for Editor in 0.00 ms.
Warning: Annotation not found!
UnityEngine.StackTraceUtility:ExtractStackTrace ()
UnityEditor.ProBuilder.EditorUtility:SetGizmoIconEnabled (System.Type,bool) (at Library/PackageCache/com.unity.probuilder@4.4.0/Editor/EditorCore/EditorUtility.cs:593)
UnityEditor.ProBuilder.HierarchyListener:.cctor () (at Library/PackageCache/com.unity.probuilder@4.4.0/Editor/EditorCore/HierarchyListener.cs:21)
System.Runtime.CompilerServices.RuntimeHelpers:RunClassConstructor (System.RuntimeTypeHandle)
UnityEditor.EditorAssemblies:ProcessInitializeOnLoadAttributes (System.Type[])

[Library/PackageCache/com.unity.probuilder@4.4.0/Editor/EditorCore/EditorUtility.cs line 593]

Invoked RoslynAnalysisRunner static constructor.
RoslynAnalysisRunner will not be running.
RoslynAnalysisRunner has terminated.
Mono: successfully reloaded assembly
- Completed reload, in  0.778 seconds
Platform modules already initialized, skipping
Refreshing native plugins compatible for Editor in 0.50 ms, found 0 plugins.
Preloading 0 native plugins for Editor in 0.00 ms.
Unloading 1898 Unused Serialized files (Serialized files now loaded: 0)
System memory in use before: 107.2 MB.
System memory in use after: 107.3 MB.

Unloading 6 unused Assets to reduce memory usage. Loaded Objects now: 2494.
Total: 2.277100 ms (FindLiveObjects: 0.184900 ms CreateObjectMapping: 0.083200 ms MarkObjects: 1.956100 ms  DeleteObjects: 0.051900 ms)

AssetImportWorkerClient::OnTransportError - code=2 error=End of file
